[0.000000] (-) TimerEvent: {}
[0.002771] (motor) JobQueued: {'identifier': 'motor', 'dependencies': OrderedDict()}
[0.002833] (motor) JobStarted: {'identifier': 'motor'}
[0.019233] (motor) JobProgress: {'identifier': 'motor', 'progress': 'cmake'}
[0.019856] (motor) Command: {'cmd': ['/usr/bin/cmake', '/home/tmtong/Documents/sumomo/src/motor', '-DAMENT_CMAKE_SYMLINK_INSTALL=1', '-DCMAKE_INSTALL_PREFIX=/home/tmtong/Documents/sumomo/src/motor/install/motor'], 'cwd': '/home/tmtong/Documents/sumomo/src/motor/build/motor', 'env': OrderedDict([('SHELL', '/bin/bash'), ('ROS_VERSION', '2'), ('FLUTTER_CACHEBIN', '/home/tmtong/opt/flutter/.pub-cache/bin'), ('COLORTERM', 'truecolor'), ('JUDY', '/home/tmtong/opt/judy'), ('PKG_CONFIG_PATH', '/opt/ros2/galactic/lib/pkgconfig'), ('ROS_PYTHON_VERSION', '3'), ('ENABLE_FLUTTER_DESKTOP', 'true'), ('PYSPARK_DRIVER_PYTHON', '/usr/bin/python3'), ('JAVA_HOME', '/usr/lib/jvm/java-11-openjdk'), ('GRADLE_HOME', '/usr/share/java/gradle'), ('FLUTTER', '/home/tmtong/opt/flutter'), ('FLUTTER_HOME', '/opt/flutter'), ('EDITOR', 'nano'), ('XDG_SEAT', 'seat0'), ('PWD', '/home/tmtong/Documents/sumomo/src/motor/build/motor'), ('julia', '/home/tmtong/opt/julia/bin/julia'), ('DART_SDK', '/usr/lib/dart/bin'), ('LOGNAME', 'tmtong'), ('XDG_SESSION_TYPE', 'tty'), ('ROS_DOMAIN_ID', '42'), ('SYSTEMD_EXEC_PID', '2660'), ('XAUTHORITY', '/home/tmtong/.Xauthority'), ('WINDOWPATH', '1'), ('MOTD_SHOWN', 'pam'), ('HOME', '/home/tmtong'), ('LANG', 'en_US.UTF-8'), ('VTE_VERSION', '6602'), ('AMENT_PREFIX_PATH', '/opt/ros2/galactic'), ('CMAKE_PREFIX_PATH', '/opt/ros2/galactic'), ('COLCON_PREFIX_PATH', '/opt/ros2/galactic'), ('INVOCATION_ID', '43e8e30c91be49dd9a9703c6466e6b43'), ('PIP_DEFAULT_TIMEOUT', '100'), ('PYSPARK_PYTHON', '/usr/bin/python3'), ('XDG_SESSION_CLASS', 'user'), ('ANDROID_HOME', '/opt/android-sdk'), ('PYTHONPATH', '/opt/ros2/galactic/lib/python3.10/site-packages'), ('COLCON', '1'), ('TERM', 'xterm-256color'), ('HADOOP_CONF_DIR', '/home/tmtong/opt/hadoop/etc/hadoop'), ('USER', 'tmtong'), ('CUDA_PATH', '/opt/cuda'), ('JULIA', '/home/tmtong/opt/julia/bin'), ('HADOOP', '/home/tmtong/opt/hadoop'), ('VISUAL', 'nano'), ('DISPLAY', ':0'), ('DART_PATH', '/home/tmtong/opt/flutter/bin/cache/dart-sdk/bin'), ('SHLVL', '3'), ('CHROME_EXECUTABLE', '/usr/bin/chromium'), ('GIT_EDITOR', 'nano'), ('SPARK_HOME', '/home/tmtong/opt/spark'), ('ANDROID_SDK_ROOT', '/opt/android-sdk'), ('XDG_VTNR', '1'), ('XDG_SESSION_ID', '1'), ('LD_LIBRARY_PATH', '/opt/ros2/galactic/opt/rviz_ogre_vendor/lib:/opt/ros2/galactic/lib:/home/tmtong/opt/hadoop/lib/native:/home/tmtong/opt/hadoop/lib/native::/opt/cuda/targets/x86_64-linux/lib:/opt/cuda/targets/x86_64-linux/lib'), ('XDG_RUNTIME_DIR', '/run/user/1000'), ('ROS_LOCALHOST_ONLY', '0'), ('HMSSHPORT', '5722'), ('MKLROOT', '/opt/intel/mkl'), ('LC_COLLATE', 'C'), ('XDG_DATA_DIRS', '/usr/local/share:/usr/share:/var/lib/snapd/desktop'), ('PATH', '/opt/ros2/galactic/bin:/opt/android-sdk/emulator:/home/tmtong/bin:/opt/android-sdk/emulator:/home/tmtong/.local/bin:/usr/local/sbin:/usr/local/bin:/usr/bin:/opt/android-sdk/platform-tools:/opt/android-sdk/tools:/opt/android-sdk/tools/bin:/opt/cuda/bin:/opt/cuda/nsight_compute:/opt/cuda/nsight_systems/bin:/opt/flutter/bin:/usr/lib/jvm/default/bin:/usr/bin/site_perl:/usr/bin/vendor_perl:/usr/bin/core_perl:/var/lib/snapd/snap/bin:/usr/local/go/bin:/opt/android-sdk/emulator:/opt/android-sdk/platform-tools/:/opt/android-sdk/tools/bin/:/opt/android-sdk/tools/:/home/tmtong/opt/flutter/bin:/sbin:/bin:/usr/sbin:/home/tmtong/opt/hadoop/bin:/home/tmtong/opt/hadoop/sbin:/usr/lib/dart/bin:/opt/android-sdk/tools:/opt/android-sdk/tools/lib:/opt/android-sdk/tools/bin:/opt/android-sdk/platform-tools:/home/tmtong/opt/spark/bin:/home/tmtong/opt/spark/sbin:/home/tmtong/opt/flutter/bin/cache/dart-sdk/bin:/home/tmtong/opt/flutter/.pub-cache/bin::/home/tmtong/opt/julia/bin:/home/tmtong/opt/judy:/home/tmtong/.pub-cache/bin:/home/tmtong/Documents/configs/config/myscripts:/home/tmtong/opt/go/bin:/home/tmtong/.cargo/bin:/usr/local/go/bin:/opt/android-sdk/emulator:/opt/android-sdk/platform-tools/:/opt/android-sdk/tools/bin/:/opt/android-sdk/tools/:/home/tmtong/opt/flutter/bin:/sbin:/bin:/usr/sbin:/home/tmtong/opt/hadoop/bin:/home/tmtong/opt/hadoop/sbin:/usr/lib/dart/bin:/opt/android-sdk/tools:/opt/android-sdk/tools/lib:/opt/android-sdk/tools/bin:/opt/android-sdk/platform-tools:/home/tmtong/opt/spark/bin:/home/tmtong/opt/spark/sbin:/home/tmtong/opt/flutter/bin/cache/dart-sdk/bin:/home/tmtong/opt/flutter/.pub-cache/bin::/home/tmtong/opt/julia/bin:/home/tmtong/opt/judy:/home/tmtong/.pub-cache/bin:/home/tmtong/Documents/configs/config/myscripts:/home/tmtong/opt/go/bin:/home/tmtong/.cargo/bin'), ('DBUS_SESSION_BUS_ADDRESS', 'unix:path=/run/user/1000/bus'), ('MAIL', '/var/spool/mail/tmtong'), ('ROS_DISTRO', 'galactic'), ('OLDPWD', '/home/tmtong/Documents/sumomo/src/motor/src'), ('GOPATH', '/home/tmtong/opt/go'), ('_', '/usr/bin/env')]), 'shell': False}
[0.100063] (-) TimerEvent: {}
[0.200529] (-) TimerEvent: {}
[0.216984] (motor) StdoutLine: {'line': b'-- The C compiler identification is GNU 11.1.0\n'}
[0.300676] (-) TimerEvent: {}
[0.383624] (motor) StdoutLine: {'line': b'-- The CXX compiler identification is GNU 11.1.0\n'}
[0.391919] (motor) StdoutLine: {'line': b'-- Detecting C compiler ABI info\n'}
[0.400760] (-) TimerEvent: {}
[0.458565] (motor) StdoutLine: {'line': b'-- Detecting C compiler ABI info - done\n'}
[0.463618] (motor) StdoutLine: {'line': b'-- Check for working C compiler: /usr/bin/cc - skipped\n'}
[0.464053] (motor) StdoutLine: {'line': b'-- Detecting C compile features\n'}
[0.464432] (motor) StdoutLine: {'line': b'-- Detecting C compile features - done\n'}
[0.467108] (motor) StdoutLine: {'line': b'-- Detecting CXX compiler ABI info\n'}
[0.500872] (-) TimerEvent: {}
[0.550265] (motor) StdoutLine: {'line': b'-- Detecting CXX compiler ABI info - done\n'}
[0.556462] (motor) StdoutLine: {'line': b'-- Check for working CXX compiler: /usr/bin/c++ - skipped\n'}
[0.556749] (motor) StdoutLine: {'line': b'-- Detecting CXX compile features\n'}
[0.557196] (motor) StdoutLine: {'line': b'-- Detecting CXX compile features - done\n'}
[0.559436] (motor) StdoutLine: {'line': b'-- Found ament_cmake: 1.1.4 (/opt/ros2/galactic/share/ament_cmake/cmake)\n'}
[0.586298] (motor) StdoutLine: {'line': b'-- Found PythonInterp: /usr/bin/python3 (found suitable version "3.10.2", minimum required is "3") \n'}
[0.586459] (motor) StdoutLine: {'line': b'-- Using PYTHON_EXECUTABLE: /usr/bin/python3\n'}
[0.600988] (-) TimerEvent: {}
[0.652392] (motor) StdoutLine: {'line': b'-- Override CMake install command with custom implementation using symlinks instead of copying resources\n'}
[0.673950] (motor) StdoutLine: {'line': b'-- Found ament_lint_auto: 0.10.6 (/opt/ros2/galactic/share/ament_lint_auto/cmake)\n'}
[0.701187] (-) TimerEvent: {}
[0.736315] (motor) StdoutLine: {'line': b"-- Added test 'copyright' to check source files copyright and LICENSE\n"}
[0.739462] (motor) StdoutLine: {'line': b"-- Added test 'cppcheck' to perform static code analysis on C / C++ code\n"}
[0.739618] (motor) StdoutLine: {'line': b'-- Configured cppcheck include dirs: \n'}
[0.739678] (motor) StdoutLine: {'line': b'-- Configured cppcheck exclude dirs and/or files: \n'}
[0.742696] (motor) StdoutLine: {'line': b"-- Added test 'cpplint' to check C / C++ code against the Google style\n"}
[0.742846] (motor) StdoutLine: {'line': b'-- Configured cpplint exclude dirs and/or files: \n'}
[0.743571] (motor) StdoutLine: {'line': b"-- Added test 'flake8' to check Python code syntax and style conventions\n"}
[0.744550] (motor) StdoutLine: {'line': b"-- Added test 'lint_cmake' to check CMake code style\n"}
[0.745270] (motor) StdoutLine: {'line': b"-- Added test 'pep257' to check Python code against some of the style conventions in PEP 257\n"}
[0.748072] (motor) StdoutLine: {'line': b"-- Added test 'uncrustify' to check C / C++ code style\n"}
[0.748162] (motor) StdoutLine: {'line': b'-- Configured uncrustify additional arguments: \n'}
[0.748824] (motor) StdoutLine: {'line': b"-- Added test 'xmllint' to check XML markup files\n"}
[0.750065] (motor) StdoutLine: {'line': b'-- Configuring done\n'}
[0.752383] (motor) StdoutLine: {'line': b'-- Generating done\n'}
[0.752951] (motor) StdoutLine: {'line': b'-- Build files have been written to: /home/tmtong/Documents/sumomo/src/motor/build/motor\n'}
[0.755701] (motor) CommandEnded: {'returncode': 0}
[0.757226] (motor) JobProgress: {'identifier': 'motor', 'progress': 'build'}
[0.757250] (motor) Command: {'cmd': ['/usr/bin/cmake', '--build', '/home/tmtong/Documents/sumomo/src/motor/build/motor', '--', '-j8', '-l8'], 'cwd': '/home/tmtong/Documents/sumomo/src/motor/build/motor', 'env': OrderedDict([('SHELL', '/bin/bash'), ('ROS_VERSION', '2'), ('FLUTTER_CACHEBIN', '/home/tmtong/opt/flutter/.pub-cache/bin'), ('COLORTERM', 'truecolor'), ('JUDY', '/home/tmtong/opt/judy'), ('PKG_CONFIG_PATH', '/opt/ros2/galactic/lib/pkgconfig'), ('ROS_PYTHON_VERSION', '3'), ('ENABLE_FLUTTER_DESKTOP', 'true'), ('PYSPARK_DRIVER_PYTHON', '/usr/bin/python3'), ('JAVA_HOME', '/usr/lib/jvm/java-11-openjdk'), ('GRADLE_HOME', '/usr/share/java/gradle'), ('FLUTTER', '/home/tmtong/opt/flutter'), ('FLUTTER_HOME', '/opt/flutter'), ('EDITOR', 'nano'), ('XDG_SEAT', 'seat0'), ('PWD', '/home/tmtong/Documents/sumomo/src/motor/build/motor'), ('julia', '/home/tmtong/opt/julia/bin/julia'), ('DART_SDK', '/usr/lib/dart/bin'), ('LOGNAME', 'tmtong'), ('XDG_SESSION_TYPE', 'tty'), ('ROS_DOMAIN_ID', '42'), ('SYSTEMD_EXEC_PID', '2660'), ('XAUTHORITY', '/home/tmtong/.Xauthority'), ('WINDOWPATH', '1'), ('MOTD_SHOWN', 'pam'), ('HOME', '/home/tmtong'), ('LANG', 'en_US.UTF-8'), ('VTE_VERSION', '6602'), ('AMENT_PREFIX_PATH', '/opt/ros2/galactic'), ('CMAKE_PREFIX_PATH', '/opt/ros2/galactic'), ('COLCON_PREFIX_PATH', '/opt/ros2/galactic'), ('INVOCATION_ID', '43e8e30c91be49dd9a9703c6466e6b43'), ('PIP_DEFAULT_TIMEOUT', '100'), ('PYSPARK_PYTHON', '/usr/bin/python3'), ('XDG_SESSION_CLASS', 'user'), ('ANDROID_HOME', '/opt/android-sdk'), ('PYTHONPATH', '/opt/ros2/galactic/lib/python3.10/site-packages'), ('COLCON', '1'), ('TERM', 'xterm-256color'), ('HADOOP_CONF_DIR', '/home/tmtong/opt/hadoop/etc/hadoop'), ('USER', 'tmtong'), ('CUDA_PATH', '/opt/cuda'), ('JULIA', '/home/tmtong/opt/julia/bin'), ('HADOOP', '/home/tmtong/opt/hadoop'), ('VISUAL', 'nano'), ('DISPLAY', ':0'), ('DART_PATH', '/home/tmtong/opt/flutter/bin/cache/dart-sdk/bin'), ('SHLVL', '3'), ('CHROME_EXECUTABLE', '/usr/bin/chromium'), ('GIT_EDITOR', 'nano'), ('SPARK_HOME', '/home/tmtong/opt/spark'), ('ANDROID_SDK_ROOT', '/opt/android-sdk'), ('XDG_VTNR', '1'), ('XDG_SESSION_ID', '1'), ('LD_LIBRARY_PATH', '/opt/ros2/galactic/opt/rviz_ogre_vendor/lib:/opt/ros2/galactic/lib:/home/tmtong/opt/hadoop/lib/native:/home/tmtong/opt/hadoop/lib/native::/opt/cuda/targets/x86_64-linux/lib:/opt/cuda/targets/x86_64-linux/lib'), ('XDG_RUNTIME_DIR', '/run/user/1000'), ('ROS_LOCALHOST_ONLY', '0'), ('HMSSHPORT', '5722'), ('MKLROOT', '/opt/intel/mkl'), ('LC_COLLATE', 'C'), ('XDG_DATA_DIRS', '/usr/local/share:/usr/share:/var/lib/snapd/desktop'), ('PATH', '/opt/ros2/galactic/bin:/opt/android-sdk/emulator:/home/tmtong/bin:/opt/android-sdk/emulator:/home/tmtong/.local/bin:/usr/local/sbin:/usr/local/bin:/usr/bin:/opt/android-sdk/platform-tools:/opt/android-sdk/tools:/opt/android-sdk/tools/bin:/opt/cuda/bin:/opt/cuda/nsight_compute:/opt/cuda/nsight_systems/bin:/opt/flutter/bin:/usr/lib/jvm/default/bin:/usr/bin/site_perl:/usr/bin/vendor_perl:/usr/bin/core_perl:/var/lib/snapd/snap/bin:/usr/local/go/bin:/opt/android-sdk/emulator:/opt/android-sdk/platform-tools/:/opt/android-sdk/tools/bin/:/opt/android-sdk/tools/:/home/tmtong/opt/flutter/bin:/sbin:/bin:/usr/sbin:/home/tmtong/opt/hadoop/bin:/home/tmtong/opt/hadoop/sbin:/usr/lib/dart/bin:/opt/android-sdk/tools:/opt/android-sdk/tools/lib:/opt/android-sdk/tools/bin:/opt/android-sdk/platform-tools:/home/tmtong/opt/spark/bin:/home/tmtong/opt/spark/sbin:/home/tmtong/opt/flutter/bin/cache/dart-sdk/bin:/home/tmtong/opt/flutter/.pub-cache/bin::/home/tmtong/opt/julia/bin:/home/tmtong/opt/judy:/home/tmtong/.pub-cache/bin:/home/tmtong/Documents/configs/config/myscripts:/home/tmtong/opt/go/bin:/home/tmtong/.cargo/bin:/usr/local/go/bin:/opt/android-sdk/emulator:/opt/android-sdk/platform-tools/:/opt/android-sdk/tools/bin/:/opt/android-sdk/tools/:/home/tmtong/opt/flutter/bin:/sbin:/bin:/usr/sbin:/home/tmtong/opt/hadoop/bin:/home/tmtong/opt/hadoop/sbin:/usr/lib/dart/bin:/opt/android-sdk/tools:/opt/android-sdk/tools/lib:/opt/android-sdk/tools/bin:/opt/android-sdk/platform-tools:/home/tmtong/opt/spark/bin:/home/tmtong/opt/spark/sbin:/home/tmtong/opt/flutter/bin/cache/dart-sdk/bin:/home/tmtong/opt/flutter/.pub-cache/bin::/home/tmtong/opt/julia/bin:/home/tmtong/opt/judy:/home/tmtong/.pub-cache/bin:/home/tmtong/Documents/configs/config/myscripts:/home/tmtong/opt/go/bin:/home/tmtong/.cargo/bin'), ('DBUS_SESSION_BUS_ADDRESS', 'unix:path=/run/user/1000/bus'), ('MAIL', '/var/spool/mail/tmtong'), ('ROS_DISTRO', 'galactic'), ('OLDPWD', '/home/tmtong/Documents/sumomo/src/motor/src'), ('GOPATH', '/home/tmtong/opt/go'), ('_', '/usr/bin/env')]), 'shell': False}
[0.780185] (motor) CommandEnded: {'returncode': 0}
[0.801266] (-) TimerEvent: {}
[0.817892] (motor) JobProgress: {'identifier': 'motor', 'progress': 'install'}
[0.825101] (motor) Command: {'cmd': ['/usr/bin/cmake', '--install', '/home/tmtong/Documents/sumomo/src/motor/build/motor'], 'cwd': '/home/tmtong/Documents/sumomo/src/motor/build/motor', 'env': OrderedDict([('SHELL', '/bin/bash'), ('ROS_VERSION', '2'), ('FLUTTER_CACHEBIN', '/home/tmtong/opt/flutter/.pub-cache/bin'), ('COLORTERM', 'truecolor'), ('JUDY', '/home/tmtong/opt/judy'), ('PKG_CONFIG_PATH', '/opt/ros2/galactic/lib/pkgconfig'), ('ROS_PYTHON_VERSION', '3'), ('ENABLE_FLUTTER_DESKTOP', 'true'), ('PYSPARK_DRIVER_PYTHON', '/usr/bin/python3'), ('JAVA_HOME', '/usr/lib/jvm/java-11-openjdk'), ('GRADLE_HOME', '/usr/share/java/gradle'), ('FLUTTER', '/home/tmtong/opt/flutter'), ('FLUTTER_HOME', '/opt/flutter'), ('EDITOR', 'nano'), ('XDG_SEAT', 'seat0'), ('PWD', '/home/tmtong/Documents/sumomo/src/motor/build/motor'), ('julia', '/home/tmtong/opt/julia/bin/julia'), ('DART_SDK', '/usr/lib/dart/bin'), ('LOGNAME', 'tmtong'), ('XDG_SESSION_TYPE', 'tty'), ('ROS_DOMAIN_ID', '42'), ('SYSTEMD_EXEC_PID', '2660'), ('XAUTHORITY', '/home/tmtong/.Xauthority'), ('WINDOWPATH', '1'), ('MOTD_SHOWN', 'pam'), ('HOME', '/home/tmtong'), ('LANG', 'en_US.UTF-8'), ('VTE_VERSION', '6602'), ('AMENT_PREFIX_PATH', '/opt/ros2/galactic'), ('CMAKE_PREFIX_PATH', '/opt/ros2/galactic'), ('COLCON_PREFIX_PATH', '/opt/ros2/galactic'), ('INVOCATION_ID', '43e8e30c91be49dd9a9703c6466e6b43'), ('PIP_DEFAULT_TIMEOUT', '100'), ('PYSPARK_PYTHON', '/usr/bin/python3'), ('XDG_SESSION_CLASS', 'user'), ('ANDROID_HOME', '/opt/android-sdk'), ('PYTHONPATH', '/opt/ros2/galactic/lib/python3.10/site-packages'), ('COLCON', '1'), ('TERM', 'xterm-256color'), ('HADOOP_CONF_DIR', '/home/tmtong/opt/hadoop/etc/hadoop'), ('USER', 'tmtong'), ('CUDA_PATH', '/opt/cuda'), ('JULIA', '/home/tmtong/opt/julia/bin'), ('HADOOP', '/home/tmtong/opt/hadoop'), ('VISUAL', 'nano'), ('DISPLAY', ':0'), ('DART_PATH', '/home/tmtong/opt/flutter/bin/cache/dart-sdk/bin'), ('SHLVL', '3'), ('CHROME_EXECUTABLE', '/usr/bin/chromium'), ('GIT_EDITOR', 'nano'), ('SPARK_HOME', '/home/tmtong/opt/spark'), ('ANDROID_SDK_ROOT', '/opt/android-sdk'), ('XDG_VTNR', '1'), ('XDG_SESSION_ID', '1'), ('LD_LIBRARY_PATH', '/opt/ros2/galactic/opt/rviz_ogre_vendor/lib:/opt/ros2/galactic/lib:/home/tmtong/opt/hadoop/lib/native:/home/tmtong/opt/hadoop/lib/native::/opt/cuda/targets/x86_64-linux/lib:/opt/cuda/targets/x86_64-linux/lib'), ('XDG_RUNTIME_DIR', '/run/user/1000'), ('ROS_LOCALHOST_ONLY', '0'), ('HMSSHPORT', '5722'), ('MKLROOT', '/opt/intel/mkl'), ('LC_COLLATE', 'C'), ('XDG_DATA_DIRS', '/usr/local/share:/usr/share:/var/lib/snapd/desktop'), ('PATH', '/opt/ros2/galactic/bin:/opt/android-sdk/emulator:/home/tmtong/bin:/opt/android-sdk/emulator:/home/tmtong/.local/bin:/usr/local/sbin:/usr/local/bin:/usr/bin:/opt/android-sdk/platform-tools:/opt/android-sdk/tools:/opt/android-sdk/tools/bin:/opt/cuda/bin:/opt/cuda/nsight_compute:/opt/cuda/nsight_systems/bin:/opt/flutter/bin:/usr/lib/jvm/default/bin:/usr/bin/site_perl:/usr/bin/vendor_perl:/usr/bin/core_perl:/var/lib/snapd/snap/bin:/usr/local/go/bin:/opt/android-sdk/emulator:/opt/android-sdk/platform-tools/:/opt/android-sdk/tools/bin/:/opt/android-sdk/tools/:/home/tmtong/opt/flutter/bin:/sbin:/bin:/usr/sbin:/home/tmtong/opt/hadoop/bin:/home/tmtong/opt/hadoop/sbin:/usr/lib/dart/bin:/opt/android-sdk/tools:/opt/android-sdk/tools/lib:/opt/android-sdk/tools/bin:/opt/android-sdk/platform-tools:/home/tmtong/opt/spark/bin:/home/tmtong/opt/spark/sbin:/home/tmtong/opt/flutter/bin/cache/dart-sdk/bin:/home/tmtong/opt/flutter/.pub-cache/bin::/home/tmtong/opt/julia/bin:/home/tmtong/opt/judy:/home/tmtong/.pub-cache/bin:/home/tmtong/Documents/configs/config/myscripts:/home/tmtong/opt/go/bin:/home/tmtong/.cargo/bin:/usr/local/go/bin:/opt/android-sdk/emulator:/opt/android-sdk/platform-tools/:/opt/android-sdk/tools/bin/:/opt/android-sdk/tools/:/home/tmtong/opt/flutter/bin:/sbin:/bin:/usr/sbin:/home/tmtong/opt/hadoop/bin:/home/tmtong/opt/hadoop/sbin:/usr/lib/dart/bin:/opt/android-sdk/tools:/opt/android-sdk/tools/lib:/opt/android-sdk/tools/bin:/opt/android-sdk/platform-tools:/home/tmtong/opt/spark/bin:/home/tmtong/opt/spark/sbin:/home/tmtong/opt/flutter/bin/cache/dart-sdk/bin:/home/tmtong/opt/flutter/.pub-cache/bin::/home/tmtong/opt/julia/bin:/home/tmtong/opt/judy:/home/tmtong/.pub-cache/bin:/home/tmtong/Documents/configs/config/myscripts:/home/tmtong/opt/go/bin:/home/tmtong/.cargo/bin'), ('DBUS_SESSION_BUS_ADDRESS', 'unix:path=/run/user/1000/bus'), ('MAIL', '/var/spool/mail/tmtong'), ('ROS_DISTRO', 'galactic'), ('OLDPWD', '/home/tmtong/Documents/sumomo/src/motor/src'), ('GOPATH', '/home/tmtong/opt/go'), ('_', '/usr/bin/env')]), 'shell': False}
[0.830324] (motor) StdoutLine: {'line': b'-- Install configuration: ""\n'}
[0.830590] (motor) StdoutLine: {'line': b'-- Execute custom install script\n'}
[0.830821] (motor) StderrLine: {'line': b'\x1b[31mCMake Error at ament_cmake_symlink_install/ament_cmake_symlink_install.cmake:100 (message):\n'}
[0.830955] (motor) StderrLine: {'line': b"  ament_cmake_symlink_install_directory() can't find\n"}
[0.831008] (motor) StderrLine: {'line': b"  '/home/tmtong/Documents/sumomo/src/motor/launch'\n"}
[0.831055] (motor) StderrLine: {'line': b'Call Stack (most recent call first):\n'}
[0.831101] (motor) StderrLine: {'line': b'  ament_cmake_symlink_install/ament_cmake_symlink_install.cmake:314 (ament_cmake_symlink_install_directory)\n'}
[0.831150] (motor) StderrLine: {'line': b'  cmake_install.cmake:46 (include)\n'}
[0.831204] (motor) StderrLine: {'line': b'\n'}
[0.831249] (motor) StderrLine: {'line': b'\x1b[0m\n'}
[0.832039] (motor) CommandEnded: {'returncode': 1}
[0.901361] (-) TimerEvent: {}
[0.920320] (motor) JobEnded: {'identifier': 'motor', 'rc': 1}
[0.931262] (-) EventReactorShutdown: {}
