[0.018s] Invoking command in '/home/tmtong/Documents/sumomo/src/motor/build/motor': _=/usr/bin/env /usr/bin/cmake /home/tmtong/Documents/sumomo/src/motor -DAMENT_CMAKE_SYMLINK_INSTALL=1 -DCMAKE_INSTALL_PREFIX=/home/tmtong/Documents/sumomo/src/motor/install/motor
[0.214s] -- The C compiler identification is GNU 11.1.0
[0.381s] -- The CXX compiler identification is GNU 11.1.0
[0.389s] -- Detecting C compiler ABI info
[0.456s] -- Detecting C compiler ABI info - done
[0.461s] -- Check for working C compiler: /usr/bin/cc - skipped
[0.461s] -- Detecting C compile features
[0.462s] -- Detecting C compile features - done
[0.464s] -- Detecting CXX compiler ABI info
[0.547s] -- Detecting CXX compiler ABI info - done
[0.554s] -- Check for working CXX compiler: /usr/bin/c++ - skipped
[0.554s] -- Detecting CXX compile features
[0.554s] -- Detecting CXX compile features - done
[0.557s] -- Found ament_cmake: 1.1.4 (/opt/ros2/galactic/share/ament_cmake/cmake)
[0.584s] -- Found PythonInterp: /usr/bin/python3 (found suitable version "3.10.2", minimum required is "3") 
[0.584s] -- Using PYTHON_EXECUTABLE: /usr/bin/python3
[0.650s] -- Override CMake install command with custom implementation using symlinks instead of copying resources
[0.671s] -- Found ament_lint_auto: 0.10.6 (/opt/ros2/galactic/share/ament_lint_auto/cmake)
[0.734s] -- Added test 'copyright' to check source files copyright and LICENSE
[0.737s] -- Added test 'cppcheck' to perform static code analysis on C / C++ code
[0.737s] -- Configured cppcheck include dirs: 
[0.737s] -- Configured cppcheck exclude dirs and/or files: 
[0.740s] -- Added test 'cpplint' to check C / C++ code against the Google style
[0.740s] -- Configured cpplint exclude dirs and/or files: 
[0.741s] -- Added test 'flake8' to check Python code syntax and style conventions
[0.742s] -- Added test 'lint_cmake' to check CMake code style
[0.742s] -- Added test 'pep257' to check Python code against some of the style conventions in PEP 257
[0.745s] -- Added test 'uncrustify' to check C / C++ code style
[0.745s] -- Configured uncrustify additional arguments: 
[0.746s] -- Added test 'xmllint' to check XML markup files
[0.747s] -- Configuring done
[0.750s] -- Generating done
[0.750s] -- Build files have been written to: /home/tmtong/Documents/sumomo/src/motor/build/motor
[0.754s] Invoked command in '/home/tmtong/Documents/sumomo/src/motor/build/motor' returned '0': _=/usr/bin/env /usr/bin/cmake /home/tmtong/Documents/sumomo/src/motor -DAMENT_CMAKE_SYMLINK_INSTALL=1 -DCMAKE_INSTALL_PREFIX=/home/tmtong/Documents/sumomo/src/motor/install/motor
[0.755s] Invoking command in '/home/tmtong/Documents/sumomo/src/motor/build/motor': _=/usr/bin/env /usr/bin/cmake --build /home/tmtong/Documents/sumomo/src/motor/build/motor -- -j8 -l8
[0.778s] Invoked command in '/home/tmtong/Documents/sumomo/src/motor/build/motor' returned '0': _=/usr/bin/env /usr/bin/cmake --build /home/tmtong/Documents/sumomo/src/motor/build/motor -- -j8 -l8
[0.823s] Invoking command in '/home/tmtong/Documents/sumomo/src/motor/build/motor': _=/usr/bin/env /usr/bin/cmake --install /home/tmtong/Documents/sumomo/src/motor/build/motor
[0.828s] -- Install configuration: ""
[0.828s] -- Execute custom install script
[0.828s] [31mCMake Error at ament_cmake_symlink_install/ament_cmake_symlink_install.cmake:100 (message):
[0.828s]   ament_cmake_symlink_install_directory() can't find
[0.828s]   '/home/tmtong/Documents/sumomo/src/motor/launch'
[0.828s] Call Stack (most recent call first):
[0.828s]   ament_cmake_symlink_install/ament_cmake_symlink_install.cmake:314 (ament_cmake_symlink_install_directory)
[0.828s]   cmake_install.cmake:46 (include)
[0.828s] 
[0.828s] [0m
[0.829s] Invoked command in '/home/tmtong/Documents/sumomo/src/motor/build/motor' returned '1': _=/usr/bin/env /usr/bin/cmake --install /home/tmtong/Documents/sumomo/src/motor/build/motor
